0 info it worked if it ends with ok
1 verbose cli [ '/Users/abeck/.nvm/versions/node/v6.9.1/bin/node',
1 verbose cli   '/Users/abeck/.nvm/versions/node/v6.9.1/bin/npm',
1 verbose cli   'run',
1 verbose cli   'test' ]
2 info using npm@3.10.8
3 info using node@v6.9.1
4 verbose run-script [ 'pretest', 'test', 'posttest' ]
5 info lifecycle matchanator@1.0.0~pretest: matchanator@1.0.0
6 silly lifecycle matchanator@1.0.0~pretest: no script for pretest, continuing
7 info lifecycle matchanator@1.0.0~test: matchanator@1.0.0
8 verbose lifecycle matchanator@1.0.0~test: unsafe-perm in lifecycle true
9 verbose lifecycle matchanator@1.0.0~test: PATH: /Users/abeck/.nvm/versions/node/v6.9.1/lib/node_modules/npm/bin/node-gyp-bin:/Users/abeck/Code/personal/javascript/matchanator/node_modules/.bin:/Users/abeck/Code/zendesk/docker-images/dockmaster/bin:/Users/abeck/.rbenv/shims:/usr/local/sbin:/Users/abeck/.nvm/versions/node/v6.9.1/bin:/Users/abeck/.rbenv/shims:/Users/abeck/.rbenv/bin:bin:/usr/local/bin:/usr/bin:/bin:/usr/sbin:/sbin:/opt/X11/bin:/Applications/Postgres.app/Contents/Versions/latest/bin
10 verbose lifecycle matchanator@1.0.0~test: CWD: /Users/abeck/Code/personal/javascript/matchanator
11 silly lifecycle matchanator@1.0.0~test: Args: [ '-c', 'mocha ./test/**/*_test.js' ]
12 silly lifecycle matchanator@1.0.0~test: Returned: code: 1  signal: null
13 info lifecycle matchanator@1.0.0~test: Failed to exec test script
14 verbose stack Error: matchanator@1.0.0 test: `mocha ./test/**/*_test.js`
14 verbose stack Exit status 1
14 verbose stack     at EventEmitter.<anonymous> (/Users/abeck/.nvm/versions/node/v6.9.1/lib/node_modules/npm/lib/utils/lifecycle.js:255:16)
14 verbose stack     at emitTwo (events.js:106:13)
14 verbose stack     at EventEmitter.emit (events.js:191:7)
14 verbose stack     at ChildProcess.<anonymous> (/Users/abeck/.nvm/versions/node/v6.9.1/lib/node_modules/npm/lib/utils/spawn.js:40:14)
14 verbose stack     at emitTwo (events.js:106:13)
14 verbose stack     at ChildProcess.emit (events.js:191:7)
14 verbose stack     at maybeClose (internal/child_process.js:877:16)
14 verbose stack     at Process.ChildProcess._handle.onexit (internal/child_process.js:226:5)
15 verbose pkgid matchanator@1.0.0
16 verbose cwd /Users/abeck/Code/personal/javascript/matchanator
17 error Darwin 15.6.0
18 error argv "/Users/abeck/.nvm/versions/node/v6.9.1/bin/node" "/Users/abeck/.nvm/versions/node/v6.9.1/bin/npm" "run" "test"
19 error node v6.9.1
20 error npm  v3.10.8
21 error code ELIFECYCLE
22 error matchanator@1.0.0 test: `mocha ./test/**/*_test.js`
22 error Exit status 1
23 error Failed at the matchanator@1.0.0 test script 'mocha ./test/**/*_test.js'.
23 error Make sure you have the latest version of node.js and npm installed.
23 error If you do, this is most likely a problem with the matchanator package,
23 error not with npm itself.
23 error Tell the author that this fails on your system:
23 error     mocha ./test/**/*_test.js
23 error You can get information on how to open an issue for this project with:
23 error     npm bugs matchanator
23 error Or if that isn't available, you can get their info via:
23 error     npm owner ls matchanator
23 error There is likely additional logging output above.
24 verbose exit [ 1, true ]
